  AirBullet.cpp
  Inhale.cpp
  Boss.cpp
  Camera.cpp
  FlyEnemy.cpp
  LastStage.cpp
  GoalFlower.cpp
  Door.cpp
  Needle.cpp
  RecoveryItem.cpp
  ClearScene.cpp
  Player.cpp
  Stage_02.cpp
  Tutorial00.cpp
  Tutorial01.cpp
  Tutorial02.cpp
  StoryScene.cpp
  UI.cpp
  Input.cpp
  Rect.cpp
  コードを生成中...
  コンパイル中...
  GameOverScene.cpp
  Main.cpp
  Vomit.cpp
  StopEnemy.cpp
  WalkEnemy.cpp
  SceneManager.cpp
  Stage_01.cpp
  TitleScene.cpp
  Vec2.cpp
  コードを生成中...
  keeby.vcxproj -> C:\Users\fko2347024\Documents\GitHub\MyGame\keeby\x64\Debug\keeby.exe
