c:\users\opencampus\desktop\keeby\x64\debug\vc143.pdb
c:\users\opencampus\desktop\keeby\x64\debug\vc143.idb
c:\users\opencampus\desktop\keeby\x64\debug\rect.obj
c:\users\opencampus\desktop\keeby\x64\debug\input.obj
c:\users\opencampus\desktop\keeby\x64\debug\ui.obj
c:\users\opencampus\desktop\keeby\x64\debug\storyscene.obj
c:\users\opencampus\desktop\keeby\x64\debug\tutorial02.obj
c:\users\opencampus\desktop\keeby\x64\debug\tutorial01.obj
c:\users\opencampus\desktop\keeby\x64\debug\tutorial00.obj
c:\users\opencampus\desktop\keeby\x64\debug\stage_02.obj
c:\users\opencampus\desktop\keeby\x64\debug\player.obj
c:\users\opencampus\desktop\keeby\x64\debug\clearscene.obj
c:\users\opencampus\desktop\keeby\x64\debug\recoveryitem.obj
c:\users\opencampus\desktop\keeby\x64\debug\needle.obj
c:\users\opencampus\desktop\keeby\x64\debug\door.obj
c:\users\opencampus\desktop\keeby\x64\debug\goalflower.obj
c:\users\opencampus\desktop\keeby\x64\debug\laststage.obj
c:\users\opencampus\desktop\keeby\x64\debug\flyenemy.obj
c:\users\opencampus\desktop\keeby\x64\debug\camera.obj
c:\users\opencampus\desktop\keeby\x64\debug\boss.obj
c:\users\opencampus\desktop\keeby\x64\debug\inhale.obj
c:\users\opencampus\desktop\keeby\x64\debug\airbullet.obj
c:\users\opencampus\desktop\keeby\x64\debug\vec2.obj
c:\users\opencampus\desktop\keeby\x64\debug\titlescene.obj
c:\users\opencampus\desktop\keeby\x64\debug\stage_01.obj
c:\users\opencampus\desktop\keeby\x64\debug\scenemanager.obj
c:\users\opencampus\desktop\keeby\x64\debug\walkenemy.obj
c:\users\opencampus\desktop\keeby\x64\debug\stopenemy.obj
c:\users\opencampus\desktop\keeby\x64\debug\vomit.obj
c:\users\opencampus\desktop\keeby\x64\debug\main.obj
c:\users\opencampus\desktop\keeby\x64\debug\gameoverscene.obj
c:\users\opencampus\desktop\keeby\x64\debug\keeby.exe
c:\users\opencampus\desktop\keeby\x64\debug\keeby.ilk
c:\users\opencampus\desktop\keeby\x64\debug\keeby.pdb
c:\users\opencampus\desktop\keeby\x64\debug\keeby.res
c:\users\opencampus\desktop\keeby\x64\debug\keeby.tlog\cl.command.1.tlog
c:\users\opencampus\desktop\keeby\x64\debug\keeby.tlog\cl.items.tlog
c:\users\opencampus\desktop\keeby\x64\debug\keeby.tlog\cl.read.1.tlog
c:\users\opencampus\desktop\keeby\x64\debug\keeby.tlog\cl.write.1.tlog
c:\users\opencampus\desktop\keeby\x64\debug\keeby.tlog\link.command.1.tlog
c:\users\opencampus\desktop\keeby\x64\debug\keeby.tlog\link.read.1.tlog
c:\users\opencampus\desktop\keeby\x64\debug\keeby.tlog\link.write.1.tlog
c:\users\opencampus\desktop\keeby\x64\debug\keeby.tlog\rc.command.1.tlog
