c:\users\fko2347024\desktop\github\mygame\jumpjump\x64\debug\vc143.pdb
c:\users\fko2347024\desktop\github\mygame\jumpjump\x64\debug\vc143.idb
c:\users\fko2347024\desktop\github\mygame\jumpjump\x64\debug\main.obj
c:\users\fko2347024\desktop\github\mygame\jumpjump\x64\debug\input.obj
c:\users\fko2347024\desktop\github\mygame\jumpjump\x64\debug\stagetest.obj
c:\users\fko2347024\desktop\github\mygame\jumpjump\x64\debug\scenemanager.obj
c:\users\fko2347024\desktop\github\mygame\jumpjump\x64\debug\scenetest.obj
c:\users\fko2347024\desktop\github\mygame\jumpjump\x64\debug\scenebase.obj
c:\users\fko2347024\desktop\github\mygame\jumpjump\x64\debug\scenedebug.obj
c:\users\fko2347024\desktop\github\mygame\jumpjump\x64\debug\scenetitle.obj
c:\users\fko2347024\desktop\github\mygame\jumpjump\x64\debug\sceneselect.obj
c:\users\fko2347024\desktop\github\mygame\jumpjump\x64\debug\sceneranking.obj
c:\users\fko2347024\desktop\github\mygame\jumpjump\x64\debug\scenetutorial.obj
c:\users\fko2347024\desktop\github\mygame\jumpjump\x64\debug\scenegame1.obj
c:\users\fko2347024\desktop\github\mygame\jumpjump\x64\debug\scenegame2.obj
c:\users\fko2347024\desktop\github\mygame\jumpjump\x64\debug\sceneresult.obj
c:\users\fko2347024\desktop\github\mygame\jumpjump\x64\debug\itembase.obj
c:\users\fko2347024\desktop\github\mygame\jumpjump\x64\debug\itemmanager.obj
c:\users\fko2347024\desktop\github\mygame\jumpjump\x64\debug\enemybase.obj
c:\users\fko2347024\desktop\github\mygame\jumpjump\x64\debug\enemymanager.obj
c:\users\fko2347024\desktop\github\mygame\jumpjump\x64\debug\enemybee.obj
c:\users\fko2347024\desktop\github\mygame\jumpjump\x64\debug\camera.obj
c:\users\fko2347024\desktop\github\mygame\jumpjump\x64\debug\player.obj
c:\users\fko2347024\desktop\github\mygame\jumpjump\pixeltest.pso
c:\users\fko2347024\desktop\github\mygame\jumpjump\mv1pixelshader.pso
c:\users\fko2347024\desktop\github\mygame\jumpjump\vertexshader.vso
c:\users\fko2347024\desktop\github\mygame\jumpjump\mv1vertexshader4frame.vso
c:\users\fko2347024\desktop\github\mygame\jumpjump\mv1vertexshader8frame.vso
c:\users\fko2347024\desktop\github\mygame\jumpjump\x64\debug\jumpjump.ilk
c:\users\fko2347024\desktop\github\mygame\jumpjump\x64\debug\jumpjump.exe
c:\users\fko2347024\desktop\github\mygame\jumpjump\x64\debug\jumpjump.pdb
c:\users\fko2347024\desktop\github\mygame\jumpjump\x64\debug\jumpjump.tlog\cl.command.1.tlog
c:\users\fko2347024\desktop\github\mygame\jumpjump\x64\debug\jumpjump.tlog\cl.read.1.tlog
c:\users\fko2347024\desktop\github\mygame\jumpjump\x64\debug\jumpjump.tlog\cl.write.1.tlog
c:\users\fko2347024\desktop\github\mygame\jumpjump\x64\debug\jumpjump.tlog\fxc.command.1.tlog
c:\users\fko2347024\desktop\github\mygame\jumpjump\x64\debug\jumpjump.tlog\fxc.read.1.tlog
c:\users\fko2347024\desktop\github\mygame\jumpjump\x64\debug\jumpjump.tlog\fxc.write.1.tlog
c:\users\fko2347024\desktop\github\mygame\jumpjump\x64\debug\jumpjump.tlog\link.command.1.tlog
c:\users\fko2347024\desktop\github\mygame\jumpjump\x64\debug\jumpjump.tlog\link.read.1.tlog
c:\users\fko2347024\desktop\github\mygame\jumpjump\x64\debug\jumpjump.tlog\link.write.1.tlog
