  compilation object save succeeded; see C:\Users\fko2347024\Desktop\GitHub\MyGame\JumpJump\PixelTest.pso
  compilation object save succeeded; see C:\Users\fko2347024\Desktop\GitHub\MyGame\JumpJump\MV1PixelShader.pso
C:\Users\fko2347024\Desktop\GitHub\MyGame\JumpJump\VertexShader\VertexShader.hlsl(95,5-44): warning X3206: implicit truncation of vector type
  
  compilation object save succeeded; see C:\Users\fko2347024\Desktop\GitHub\MyGame\JumpJump\VertexShader.vso
C:\Users\fko2347024\Desktop\GitHub\MyGame\JumpJump\VertexShader\MV1VertexShader4Frame.hlsl(202,5-44): warning X3206: implicit truncation of vector type
C:\Users\fko2347024\Desktop\GitHub\MyGame\JumpJump\VertexShader\MV1VertexShader4Frame.hlsl(153,14-32): warning X3578: Output value 'main' is not completely initialized
  
  compilation object save succeeded; see C:\Users\fko2347024\Desktop\GitHub\MyGame\JumpJump\MV1VertexShader4Frame.vso
C:\Users\fko2347024\Desktop\GitHub\MyGame\JumpJump\VertexShader\MV1VertexShader8Frame.hlsl(222,5-44): warning X3206: implicit truncation of vector type
C:\Users\fko2347024\Desktop\GitHub\MyGame\JumpJump\VertexShader\MV1VertexShader8Frame.hlsl(156,14-32): warning X3578: Output value 'main' is not completely initialized
  
  compilation object save succeeded; see C:\Users\fko2347024\Desktop\GitHub\MyGame\JumpJump\MV1VertexShader8Frame.vso
  Camera.cpp
  EnemyBee.cpp
  EnemyManager.cpp
  EnemyBase.cpp
  ItemRotationMove.cpp
  ItemNotMove.cpp
  ItemManager.cpp
  ItemBase.cpp
  SceneResult.cpp
  SceneGame2.cpp
  SceneGame1.cpp
  SceneTutorial.cpp
  SceneRanking.cpp
  SceneSelect.cpp
  SceneTitle.cpp
  SceneDebug.cpp
  SceneBase.cpp
  SceneTest.cpp
  SceneManager.cpp
  StageTest.cpp
  コードを生成中...
  コンパイル中...
  Input.cpp
  Main.cpp
  Player.cpp
  コードを生成中...
  JumpJump.vcxproj -> C:\Users\fko2347024\Desktop\GitHub\MyGame\JumpJump\x64\Debug\JumpJump.exe
