  compilation object save succeeded; see C:\Users\fko2347024\Desktop\GitHub\MyGame\HopStepJumpJump\PixelShaderShadowMap.pso
  compilation object save succeeded; see C:\Users\fko2347024\Desktop\GitHub\MyGame\HopStepJumpJump\ToonPixelShader.pso
  compilation object save succeeded; see C:\Users\fko2347024\Desktop\GitHub\MyGame\HopStepJumpJump\ToonPixelShaderField.pso
  compilation object save succeeded; see C:\Users\fko2347024\Desktop\GitHub\MyGame\HopStepJumpJump\VertexShader3D4Frame.vso
  compilation object save succeeded; see C:\Users\fko2347024\Desktop\GitHub\MyGame\HopStepJumpJump\VertexShader3D.vso
  compilation object save succeeded; see C:\Users\fko2347024\Desktop\GitHub\MyGame\HopStepJumpJump\VertexShader3D8Frame.vso
  compilation object save succeeded; see C:\Users\fko2347024\Desktop\GitHub\MyGame\HopStepJumpJump\VertexShader3DNormal4Frame.vso
  compilation object save succeeded; see C:\Users\fko2347024\Desktop\GitHub\MyGame\HopStepJumpJump\VertexShader3DNormal8Frame.vso
  compilation object save succeeded; see C:\Users\fko2347024\Desktop\GitHub\MyGame\HopStepJumpJump\VertexShaderShadowMap.vso
  SaveData.cpp
  Ranking.cpp
C:\Users\fko2347024\Desktop\GitHub\MyGame\HopStepJumpJump\Util\Ranking.cpp(157,50): warning C4267: '引数': 'size_t' から 'int' に変換しました。データが失われているかもしれません。
  CountTime.cpp
  TutorialUI.cpp
  ActionTime.cpp
  ExpansionImage.cpp
  EnemySkull.cpp
C:\Users\fko2347024\Desktop\GitHub\MyGame\HopStepJumpJump\Object\Enemy\EnemySkull.cpp(16,36): warning C4305: '初期化中': 'double' から 'const float' へ切り詰めます。
  EnemyBee.cpp
C:\Users\fko2347024\Desktop\GitHub\MyGame\HopStepJumpJump\Object\Enemy\EnemyBee.cpp(13,36): warning C4305: '初期化中': 'double' から 'const float' へ切り詰めます。
  ItemRotate.cpp
  ItemStop.cpp
C:\Users\fko2347024\Desktop\GitHub\MyGame\HopStepJumpJump\Object\Item\ItemStop.cpp(16,37): warning C4305: '初期化中': 'double' から 'const float' へ切り詰めます。
  CountGetItem.cpp
  SpownItem.cpp
  SpownEnemy.cpp
C:\Users\fko2347024\Desktop\GitHub\MyGame\HopStepJumpJump\Object\Enemy\SpownEnemy.cpp(91,16): warning C4244: '初期化中': 'float' から 'int' への変換です。データが失われる可能性があります。
  Pad.cpp
  DamageShader.cpp
  FadeImage.cpp
  Image.cpp
  ImageBase.cpp
  SceneGameClear.cpp
  SceneOption.cpp
  コンパイル中...
  SceneTutorial.cpp
  SceneStage.cpp
  StageSceneManager.cpp
  Field.cpp
  SkyDome.cpp
  ShadowMapShader.cpp
  ToonShader.cpp
  Collision.cpp
  Context.cpp
  CsvLoad.cpp
  MoveDirectionVec.cpp
  Camera.cpp
C:\Program Files\Microsoft Visual Studio\2022\Community\VC\Tools\MSVC\14.34.31933\include\xutility(231,77): warning C4244: '引数': 'const float' から 'int' への変換です。データが失われる可能性があります。
C:\Program Files\Microsoft Visual Studio\2022\Community\VC\Tools\MSVC\14.34.31933\include\memory(2023,1): message : コンパイル対象の関数 テンプレート インスタンス化 'void std::_Construct_in_place<_Ty,const float&>(_Ty &,const float &) noexcept(false)' のリファレンスを確認してください
          with
          [
              _Ty=Time
          ]
C:\Program Files\Microsoft Visual Studio\2022\Community\VC\Tools\MSVC\14.34.31933\include\memory(2703,36): message : コンパイル対象の関数 テンプレート インスタンス化 'std::_Ref_count_obj2<Time>::_Ref_count_obj2<const float&>(const float &)' のリファレンスを確認してください
C:\Program Files\Microsoft Visual Studio\2022\Community\VC\Tools\MSVC\14.34.31933\include\memory(2704,20): message : コンパイル対象の関数 テンプレート インスタンス化 'std::_Ref_count_obj2<Time>::_Ref_count_obj2<const float&>(const float &)' のリファレンスを確認してください
C:\Users\fko2347024\Desktop\GitHub\MyGame\HopStepJumpJump\Object\Camera.cpp(84,85): message : コンパイル対象の関数 テンプレート インスタンス化 'std::shared_ptr<Time> std::make_shared<Time,const float&>(const float &)' のリファレンスを確認してください
  Circle.cpp
  CharacterBase.cpp
  Model.cpp
  ObjectBase.cpp
  ObjectManager.cpp
  EnemyManager.cpp
  EnemyBase.cpp
  ItemManager.cpp
  コンパイル中...
  ItemBase.cpp
  PlayerState.cpp
  SceneResult.cpp
  SceneRanking.cpp
  SceneSelect.cpp
  SceneTitle.cpp
  SceneDebug.cpp
  SceneBase.cpp
  SceneManager.cpp
  SoundManager.cpp
  State.cpp
  Text.cpp
  Time.cpp
  Input.cpp
  Main.cpp
  Player.cpp
  Vec2.cpp
  コード生成しています。
  Previous IPDB not found, fall back to full compilation.
  All 2857 functions were compiled because no usable IPDB/IOBJ from previous compilation was found.
  コード生成が終了しました。
  JumpJump.vcxproj -> C:\Users\fko2347024\Desktop\GitHub\MyGame\HopStepJumpJump\x64\Release\JumpJump.exe
