c:\users\fko2347024\documents\github\workexhibition\keeby\x64\release\vc143.pdb
c:\users\fko2347024\documents\github\workexhibition\keeby\x64\release\rect.obj
c:\users\fko2347024\documents\github\workexhibition\keeby\x64\release\input.obj
c:\users\fko2347024\documents\github\workexhibition\keeby\x64\release\ui.obj
c:\users\fko2347024\documents\github\workexhibition\keeby\x64\release\storyscene.obj
c:\users\fko2347024\documents\github\workexhibition\keeby\x64\release\tutorial02.obj
c:\users\fko2347024\documents\github\workexhibition\keeby\x64\release\tutorial01.obj
c:\users\fko2347024\documents\github\workexhibition\keeby\x64\release\tutorial00.obj
c:\users\fko2347024\documents\github\workexhibition\keeby\x64\release\stage_02.obj
c:\users\fko2347024\documents\github\workexhibition\keeby\x64\release\player.obj
c:\users\fko2347024\documents\github\workexhibition\keeby\x64\release\clearscene.obj
c:\users\fko2347024\documents\github\workexhibition\keeby\x64\release\recoveryitem.obj
c:\users\fko2347024\documents\github\workexhibition\keeby\x64\release\needle.obj
c:\users\fko2347024\documents\github\workexhibition\keeby\x64\release\door.obj
c:\users\fko2347024\documents\github\workexhibition\keeby\x64\release\goalflower.obj
c:\users\fko2347024\documents\github\workexhibition\keeby\x64\release\laststage.obj
c:\users\fko2347024\documents\github\workexhibition\keeby\x64\release\flyenemy.obj
c:\users\fko2347024\documents\github\workexhibition\keeby\x64\release\camera.obj
c:\users\fko2347024\documents\github\workexhibition\keeby\x64\release\boss.obj
c:\users\fko2347024\documents\github\workexhibition\keeby\x64\release\inhale.obj
c:\users\fko2347024\documents\github\workexhibition\keeby\x64\release\airbullet.obj
c:\users\fko2347024\documents\github\workexhibition\keeby\x64\release\vec2.obj
c:\users\fko2347024\documents\github\workexhibition\keeby\x64\release\titlescene.obj
c:\users\fko2347024\documents\github\workexhibition\keeby\x64\release\stage_01.obj
c:\users\fko2347024\documents\github\workexhibition\keeby\x64\release\scenemanager.obj
c:\users\fko2347024\documents\github\workexhibition\keeby\x64\release\walkenemy.obj
c:\users\fko2347024\documents\github\workexhibition\keeby\x64\release\stopenemy.obj
c:\users\fko2347024\documents\github\workexhibition\keeby\x64\release\vomit.obj
c:\users\fko2347024\documents\github\workexhibition\keeby\x64\release\main.obj
c:\users\fko2347024\documents\github\workexhibition\keeby\x64\release\gameoverscene.obj
c:\users\fko2347024\documents\github\workexhibition\keeby\x64\release\keeby.exe
c:\users\fko2347024\documents\github\workexhibition\keeby\x64\release\keeby.pdb
c:\users\fko2347024\documents\github\workexhibition\keeby\x64\release\keeby.ipdb
c:\users\fko2347024\documents\github\workexhibition\keeby\x64\release\keeby.iobj
c:\users\fko2347024\documents\github\workexhibition\keeby\x64\release\keeby.tlog\cl.command.1.tlog
c:\users\fko2347024\documents\github\workexhibition\keeby\x64\release\keeby.tlog\cl.read.1.tlog
c:\users\fko2347024\documents\github\workexhibition\keeby\x64\release\keeby.tlog\cl.write.1.tlog
c:\users\fko2347024\documents\github\workexhibition\keeby\x64\release\keeby.tlog\link.command.1.tlog
c:\users\fko2347024\documents\github\workexhibition\keeby\x64\release\keeby.tlog\link.read.1.tlog
c:\users\fko2347024\documents\github\workexhibition\keeby\x64\release\keeby.tlog\link.write.1.tlog
c:\users\fko2347024\documents\github\workexhibition\keeby\x64\release\keeby.tlog\link.write.2u.tlog
