  AirBullet.cpp
  Inhale.cpp
  Boss.cpp
  Camera.cpp
  FlyEnemy.cpp
  LastStage.cpp
  GoalFlower.cpp
  Door.cpp
  Needle.cpp
  RecoveryItem.cpp
  ClearScene.cpp
  Player.cpp
  Stage_02.cpp
  Tutorial00.cpp
  Tutorial01.cpp
  Tutorial02.cpp
  StoryScene.cpp
  UI.cpp
  Input.cpp
  Rect.cpp
  コンパイル中...
  GameOverScene.cpp
  Main.cpp
  Vomit.cpp
  StopEnemy.cpp
  WalkEnemy.cpp
  SceneManager.cpp
  Stage_01.cpp
  TitleScene.cpp
  Vec2.cpp
  コード生成しています。
  Previous IPDB was built with incompatible compiler, fall back to full compilation.
  All 1914 functions were compiled because no usable IPDB/IOBJ from previous compilation was found.
  コード生成が終了しました。
  keeby.vcxproj -> D:\GitHub\MyGame\keeby\x64\Release\keeby.exe
