  Camera.cpp
  EnemySkull.cpp
  EnemyCrab.cpp
  EnemyBee.cpp
  EnemyBase.cpp
  EnemyManager.cpp
  Main.cpp
  Map.cpp
  SceneTitle.cpp
  SceneClear.cpp
  SceneGameOver.cpp
D:\GitHub\MyGame\JumpGame\Scene\SceneGameOver.cpp(20,14): warning C4244: '初期化中': 'const float' から 'int' への変換です。データが失われる可能性があります。
D:\GitHub\MyGame\JumpGame\Scene\SceneGameOver.cpp(135,26): warning C4244: '引数': 'int' から 'float' への変換です。データが失われる可能性があります。
D:\GitHub\MyGame\JumpGame\Scene\SceneGameOver.h(66,55): warning C4244: '=': 'const float' から 'int' への変換です。データが失われる可能性があります。
  (ソース ファイル 'Scene/SceneGameOver.cpp' をコンパイルしています)
  
D:\GitHub\MyGame\JumpGame\Scene\SceneGameOver.h(71,50): warning C4244: '=': 'const float' から 'int' への変換です。データが失われる可能性があります。
  (ソース ファイル 'Scene/SceneGameOver.cpp' をコンパイルしています)
  
  MainScene.cpp
  Player.cpp
  SceneManager.cpp
  SceneBase.cpp
  WorldSprite.cpp
  コード生成しています。
  133 of 991 functions (13.4%) were compiled, the rest were copied from previous compilation.
    61 functions were new in current compilation
    56 functions had inline decision re-evaluated but remain unchanged
  コード生成が終了しました。
  JumpGame.vcxproj -> D:\GitHub\MyGame\JumpGame\x64\Release\JumpGame.exe
