c:\users\fko2347024\documents\github\mygame\flyawaybird\x64\debug\vc143.pdb
c:\users\fko2347024\documents\github\mygame\flyawaybird\x64\debug\vc143.idb
c:\users\fko2347024\documents\github\mygame\flyawaybird\x64\debug\worldsprite.obj
c:\users\fko2347024\documents\github\mygame\flyawaybird\x64\debug\scenemanager.obj
c:\users\fko2347024\documents\github\mygame\flyawaybird\x64\debug\scenemain.obj
c:\users\fko2347024\documents\github\mygame\flyawaybird\x64\debug\recovereditem.obj
c:\users\fko2347024\documents\github\mygame\flyawaybird\x64\debug\player.obj
c:\users\fko2347024\documents\github\mygame\flyawaybird\x64\debug\main.obj
c:\users\fko2347024\documents\github\mygame\flyawaybird\x64\debug\input.obj
c:\users\fko2347024\documents\github\mygame\flyawaybird\x64\debug\scenebase.obj
c:\users\fko2347024\documents\github\mygame\flyawaybird\x64\debug\handlemanager.obj
c:\users\fko2347024\documents\github\mygame\flyawaybird\x64\debug\camera.obj
c:\users\fko2347024\documents\github\mygame\flyawaybird\x64\debug\flyawaybird.ilk
c:\users\fko2347024\documents\github\mygame\flyawaybird\x64\debug\flyawaybird.exe
c:\users\fko2347024\documents\github\mygame\flyawaybird\x64\debug\flyawaybird.pdb
c:\users\fko2347024\documents\github\mygame\flyawaybird\x64\debug\flyawaybird.tlog\cl.command.1.tlog
c:\users\fko2347024\documents\github\mygame\flyawaybird\x64\debug\flyawaybird.tlog\cl.read.1.tlog
c:\users\fko2347024\documents\github\mygame\flyawaybird\x64\debug\flyawaybird.tlog\cl.write.1.tlog
c:\users\fko2347024\documents\github\mygame\flyawaybird\x64\debug\flyawaybird.tlog\link.command.1.tlog
c:\users\fko2347024\documents\github\mygame\flyawaybird\x64\debug\flyawaybird.tlog\link.read.1.tlog
c:\users\fko2347024\documents\github\mygame\flyawaybird\x64\debug\flyawaybird.tlog\link.write.1.tlog
