  compilation object save succeeded; see C:\Users\中山七草\Desktop\GitHub\MyGame\HopStepJumpJump\PixelShaderShadowMap.pso
  compilation object save succeeded; see C:\Users\中山七草\Desktop\GitHub\MyGame\HopStepJumpJump\ToonPixelShader.pso
  compilation object save succeeded; see C:\Users\中山七草\Desktop\GitHub\MyGame\HopStepJumpJump\ToonPixelShaderField.pso
  compilation object save succeeded; see C:\Users\中山七草\Desktop\GitHub\MyGame\HopStepJumpJump\VertexShader3D4Frame.vso
  compilation object save succeeded; see C:\Users\中山七草\Desktop\GitHub\MyGame\HopStepJumpJump\VertexShader3D.vso
  compilation object save succeeded; see C:\Users\中山七草\Desktop\GitHub\MyGame\HopStepJumpJump\VertexShader3D8Frame.vso
  compilation object save succeeded; see C:\Users\中山七草\Desktop\GitHub\MyGame\HopStepJumpJump\VertexShader3DNormal4Frame.vso
  compilation object save succeeded; see C:\Users\中山七草\Desktop\GitHub\MyGame\HopStepJumpJump\VertexShader3DNormal8Frame.vso
  compilation object save succeeded; see C:\Users\中山七草\Desktop\GitHub\MyGame\HopStepJumpJump\VertexShaderShadowMap.vso
  Effect.cpp
  Effekseer3DManager.cpp
  SaveData.cpp
  Ranking.cpp
C:\Users\中山七草\Desktop\GitHub\MyGame\HopStepJumpJump\Util\Ranking.cpp(157,41): warning C4267: '引数': 'size_t' から 'int' に変換しました。データが失われているかもしれません。
  CountTime.cpp
  TutorialUI.cpp
  ActionTime.cpp
  ExpansionImage.cpp
  EnemySkull.cpp
C:\Users\中山七草\Desktop\GitHub\MyGame\HopStepJumpJump\Object\Enemy\EnemySkull.cpp(16,31): warning C4305: '初期化中': 'double' から 'const float' へ切り詰めます。
  EnemyBee.cpp
C:\Users\中山七草\Desktop\GitHub\MyGame\HopStepJumpJump\Object\Enemy\EnemyBee.cpp(13,31): warning C4305: '初期化中': 'double' から 'const float' へ切り詰めます。
  ItemRotate.cpp
  ItemStop.cpp
C:\Users\中山七草\Desktop\GitHub\MyGame\HopStepJumpJump\Object\Item\ItemStop.cpp(16,31): warning C4305: '初期化中': 'double' から 'const float' へ切り詰めます。
  CountGetItem.cpp
  SpownItem.cpp
  SpownEnemy.cpp
C:\Users\中山七草\Desktop\GitHub\MyGame\HopStepJumpJump\Object\Enemy\SpownEnemy.cpp(91,16): warning C4244: '初期化中': 'float' から 'int' への変換です。データが失われる可能性があります。
  Pad.cpp
  DamageShader.cpp
  FadeImage.cpp
  Image.cpp
  ImageBase.cpp
  コードを生成中...
C:\Users\中山七草\Desktop\GitHub\MyGame\HopStepJumpJump\Util\SaveData.cpp(95,1): warning C4717: 'SaveData::ClearSaveData': すべてのコントロールのパス、関数を回帰するとランタイム スタック オーバーフローが発生します。
  コンパイル中...
  SceneGameClear.cpp
  SceneOption.cpp
  SceneTutorial.cpp
  SceneStage.cpp
  StageSceneManager.cpp
  Field.cpp
  SkyDome.cpp
  ShadowMapShader.cpp
  ToonShader.cpp
  Collision.cpp
  Context.cpp
  CsvLoad.cpp
  MoveDirectionVec.cpp
  Camera.cpp
C:\Users\中山七草\Desktop\GitHub\MyGame\HopStepJumpJump\Object\Camera.cpp(50,39): warning C4305: '初期化中': 'double' から 'const float' へ切り詰めます。
C:\Program Files\Microsoft Visual Studio\2022\Community\VC\Tools\MSVC\14.39.33519\include\xutility(255,82): warning C4244: '引数': 'const float' から 'int' への変換です。データが失われる可能性があります。
  (ソース ファイル 'Object/Camera.cpp' をコンパイルしています)
  C:\Program Files\Microsoft Visual Studio\2022\Community\VC\Tools\MSVC\14.39.33519\include\xutility(255,82):
  テンプレートインスタンス化コンテキスト (最初に最も古いもの) は
  	C:\Users\中山七草\Desktop\GitHub\MyGame\HopStepJumpJump\Object\Camera.cpp(84,37):
  	コンパイル対象の関数 テンプレート インスタンス化 'std::shared_ptr<Time> std::make_shared<Time,const float&>(const float &)' のリファレンスを確認してください
  	C:\Program Files\Microsoft Visual Studio\2022\Community\VC\Tools\MSVC\14.39.33519\include\memory(2738,46):
  	コンパイル対象の関数 テンプレート インスタンス化 'std::_Ref_count_obj2<Time>::_Ref_count_obj2<const float&>(const float &)' のリファレンスを確認してください
  	C:\Program Files\Microsoft Visual Studio\2022\Community\VC\Tools\MSVC\14.39.33519\include\memory(2062,18):
  	コンパイル対象の関数 テンプレート インスタンス化 'void std::_Construct_in_place<_Ty,const float&>(_Ty &,const float &) noexcept(false)' のリファレンスを確認してください
          with
          [
              _Ty=Time
          ]
  
  Circle.cpp
  CharacterBase.cpp
  Model.cpp
  ObjectBase.cpp
  ObjectManager.cpp
  EnemyManager.cpp
  コードを生成中...
  コンパイル中...
  EnemyBase.cpp
C:\Program Files\Microsoft Visual Studio\2022\Community\VC\Tools\MSVC\14.39.33519\include\xutility(255,82): warning C4244: '引数': 'const float' から 'int' への変換です。データが失われる可能性があります。
  (ソース ファイル 'Object/Enemy/EnemyBase.cpp' をコンパイルしています)
  C:\Program Files\Microsoft Visual Studio\2022\Community\VC\Tools\MSVC\14.39.33519\include\xutility(255,82):
  テンプレートインスタンス化コンテキスト (最初に最も古いもの) は
  	C:\Users\中山七草\Desktop\GitHub\MyGame\HopStepJumpJump\Object\Enemy\EnemyBase.cpp(49,19):
  	コンパイル対象の関数 テンプレート インスタンス化 'std::shared_ptr<Time> std::make_shared<Time,const float&>(const float &)' のリファレンスを確認してください
  	C:\Program Files\Microsoft Visual Studio\2022\Community\VC\Tools\MSVC\14.39.33519\include\memory(2738,46):
  	コンパイル対象の関数 テンプレート インスタンス化 'std::_Ref_count_obj2<Time>::_Ref_count_obj2<const float&>(const float &)' のリファレンスを確認してください
  	C:\Program Files\Microsoft Visual Studio\2022\Community\VC\Tools\MSVC\14.39.33519\include\memory(2062,18):
  	コンパイル対象の関数 テンプレート インスタンス化 'void std::_Construct_in_place<_Ty,const float&>(_Ty &,const float &) noexcept(false)' のリファレンスを確認してください
          with
          [
              _Ty=Time
          ]
  
  ItemManager.cpp
  ItemBase.cpp
  PlayerState.cpp
  SceneResult.cpp
  SceneRanking.cpp
  SceneSelect.cpp
  SceneTitle.cpp
  SceneDebug.cpp
  SceneBase.cpp
  SceneManager.cpp
C:\Users\中山七草\Desktop\GitHub\MyGame\HopStepJumpJump\Scene\SceneManager.cpp(92,30): warning C4244: '引数': 'float' から 'int' への変換です。データが失われる可能性があります。
C:\Users\中山七草\Desktop\GitHub\MyGame\HopStepJumpJump\Scene\SceneManager.cpp(92,20): warning C4244: '引数': 'const float' から 'int' への変換です。データが失われる可能性があります。
C:\Users\中山七草\Desktop\GitHub\MyGame\HopStepJumpJump\Scene\SceneManager.cpp(92,10): warning C4244: '引数': 'const float' から 'int' への変換です。データが失われる可能性があります。
C:\Users\中山七草\Desktop\GitHub\MyGame\HopStepJumpJump\Scene\SceneManager.cpp(96,30): warning C4244: '引数': 'float' から 'int' への変換です。データが失われる可能性があります。
C:\Users\中山七草\Desktop\GitHub\MyGame\HopStepJumpJump\Scene\SceneManager.cpp(96,20): warning C4244: '引数': 'const float' から 'int' への変換です。データが失われる可能性があります。
C:\Users\中山七草\Desktop\GitHub\MyGame\HopStepJumpJump\Scene\SceneManager.cpp(96,10): warning C4244: '引数': 'const float' から 'int' への変換です。データが失われる可能性があります。
  SoundManager.cpp
  State.cpp
  Text.cpp
  Time.cpp
  Input.cpp
  Main.cpp
  Player.cpp
  Vec2.cpp
  コードを生成中...
EffekseerForDXLib_vs2019_x64_d.lib(EffekseerForDXLib.obj) : warning LNK4099: PDB '' が 'EffekseerForDXLib_vs2019_x64_d.lib(EffekseerForDXLib.obj)' で、または '' に見つかりません。デバッグ情報がないものとして、オブジェクトにリンクします。
Effekseer_vs2019_x64_d.lib(Effekseer.Vector3D.obj) : warning LNK4099: PDB '' が 'Effekseer_vs2019_x64_d.lib(Effekseer.Vector3D.obj)' で、または '' に見つかりません。デバッグ情報がないものとして、オブジェクトにリンクします。
Effekseer_vs2019_x64_d.lib(Effekseer.Color.obj) : warning LNK4099: PDB '' が 'Effekseer_vs2019_x64_d.lib(Effekseer.Color.obj)' で、または '' に見つかりません。デバッグ情報がないものとして、オブジェクトにリンクします。
Effekseer_vs2019_x64_d.lib(Effekseer.Matrix44.obj) : warning LNK4099: PDB '' が 'Effekseer_vs2019_x64_d.lib(Effekseer.Matrix44.obj)' で、または '' に見つかりません。デバッグ情報がないものとして、オブジェクトにリンクします。
Effekseer_vs2019_x64_d.lib(Effekseer.Effect.obj) : warning LNK4099: PDB '' が 'Effekseer_vs2019_x64_d.lib(Effekseer.Effect.obj)' で、または '' に見つかりません。デバッグ情報がないものとして、オブジェクトにリンクします。
Effekseer_vs2019_x64_d.lib(Effekseer.Manager.obj) : warning LNK4099: PDB '' が 'Effekseer_vs2019_x64_d.lib(Effekseer.Manager.obj)' で、または '' に見つかりません。デバッグ情報がないものとして、オブジェクトにリンクします。
Effekseer_vs2019_x64_d.lib(Effekseer.Setting.obj) : warning LNK4099: PDB '' が 'Effekseer_vs2019_x64_d.lib(Effekseer.Setting.obj)' で、または '' に見つかりません。デバッグ情報がないものとして、オブジェクトにリンクします。
Effekseer_vs2019_x64_d.lib(Effekseer.Server.obj) : warning LNK4099: PDB '' が 'Effekseer_vs2019_x64_d.lib(Effekseer.Server.obj)' で、または '' に見つかりません。デバッグ情報がないものとして、オブジェクトにリンクします。
Effekseer_vs2019_x64_d.lib(Effekseer.CurveLoader.obj) : warning LNK4099: PDB '' が 'Effekseer_vs2019_x64_d.lib(Effekseer.CurveLoader.obj)' で、または '' に見つかりません。デバッグ情報がないものとして、オブジェクトにリンクします。
Effekseer_vs2019_x64_d.lib(Effekseer.CustomAllocator.obj) : warning LNK4099: PDB '' が 'Effekseer_vs2019_x64_d.lib(Effekseer.CustomAllocator.obj)' で、または '' に見つかりません。デバッグ情報がないものとして、オブジェクトにリンクします。
Effekseer_vs2019_x64_d.lib(Effekseer.DefaultEffectLoader.obj) : warning LNK4099: PDB '' が 'Effekseer_vs2019_x64_d.lib(Effekseer.DefaultEffectLoader.obj)' で、または '' に見つかりません。デバッグ情報がないものとして、オブジェクトにリンクします。
Effekseer_vs2019_x64_d.lib(Effekseer.InternalScript.obj) : warning LNK4099: PDB '' が 'Effekseer_vs2019_x64_d.lib(Effekseer.InternalScript.obj)' で、または '' に見つかりません。デバッグ情報がないものとして、オブジェクトにリンクします。
Effekseer_vs2019_x64_d.lib(Effekseer.EffectNode.obj) : warning LNK4099: PDB '' が 'Effekseer_vs2019_x64_d.lib(Effekseer.EffectNode.obj)' で、または '' に見つかりません。デバッグ情報がないものとして、オブジェクトにリンクします。
Effekseer_vs2019_x64_d.lib(Effekseer.ResourceManager.obj) : warning LNK4099: PDB '' が 'Effekseer_vs2019_x64_d.lib(Effekseer.ResourceManager.obj)' で、または '' に見つかりません。デバッグ情報がないものとして、オブジェクトにリンクします。
Effekseer_vs2019_x64_d.lib(Utils.obj) : warning LNK4099: PDB '' が 'Effekseer_vs2019_x64_d.lib(Utils.obj)' で、または '' に見つかりません。デバッグ情報がないものとして、オブジェクトにリンクします。
Effekseer_vs2019_x64_d.lib(Mat43f.obj) : warning LNK4099: PDB '' が 'Effekseer_vs2019_x64_d.lib(Mat43f.obj)' で、または '' に見つかりません。デバッグ情報がないものとして、オブジェクトにリンクします。
Effekseer_vs2019_x64_d.lib(Mat44f.obj) : warning LNK4099: PDB '' が 'Effekseer_vs2019_x64_d.lib(Mat44f.obj)' で、または '' に見つかりません。デバッグ情報がないものとして、オブジェクトにリンクします。
Effekseer_vs2019_x64_d.lib(Effekseer.Matrix43.obj) : warning LNK4099: PDB '' が 'Effekseer_vs2019_x64_d.lib(Effekseer.Matrix43.obj)' で、または '' に見つかりません。デバッグ情報がないものとして、オブジェクトにリンクします。
Effekseer_vs2019_x64_d.lib(Effekseer.Random.obj) : warning LNK4099: PDB '' が 'Effekseer_vs2019_x64_d.lib(Effekseer.Random.obj)' で、または '' に見つかりません。デバッグ情報がないものとして、オブジェクトにリンクします。
Effekseer_vs2019_x64_d.lib(Effekseer.InstanceGlobal.obj) : warning LNK4099: PDB '' が 'Effekseer_vs2019_x64_d.lib(Effekseer.InstanceGlobal.obj)' で、または '' に見つかりません。デバッグ情報がないものとして、オブジェクトにリンクします。
Effekseer_vs2019_x64_d.lib(Effekseer.Instance.obj) : warning LNK4099: PDB '' が 'Effekseer_vs2019_x64_d.lib(Effekseer.Instance.obj)' で、または '' に見つかりません。デバッグ情報がないものとして、オブジェクトにリンクします。
Effekseer_vs2019_x64_d.lib(Effekseer.InstanceChunk.obj) : warning LNK4099: PDB '' が 'Effekseer_vs2019_x64_d.lib(Effekseer.InstanceChunk.obj)' で、または '' に見つかりません。デバッグ情報がないものとして、オブジェクトにリンクします。
Effekseer_vs2019_x64_d.lib(Effekseer.WorkerThread.obj) : warning LNK4099: PDB '' が 'Effekseer_vs2019_x64_d.lib(Effekseer.WorkerThread.obj)' で、または '' に見つかりません。デバッグ情報がないものとして、オブジェクトにリンクします。
Effekseer_vs2019_x64_d.lib(Effekseer.InstanceContainer.obj) : warning LNK4099: PDB '' が 'Effekseer_vs2019_x64_d.lib(Effekseer.InstanceContainer.obj)' で、または '' に見つかりません。デバッグ情報がないものとして、オブジェクトにリンクします。
Effekseer_vs2019_x64_d.lib(Effekseer.InstanceGroup.obj) : warning LNK4099: PDB '' が 'Effekseer_vs2019_x64_d.lib(Effekseer.InstanceGroup.obj)' で、または '' に見つかりません。デバッグ情報がないものとして、オブジェクトにリンクします。
Effekseer_vs2019_x64_d.lib(ProceduralModelGenerator.obj) : warning LNK4099: PDB '' が 'Effekseer_vs2019_x64_d.lib(ProceduralModelGenerator.obj)' で、または '' に見つかりません。デバッグ情報がないものとして、オブジェクトにリンクします。
Effekseer_vs2019_x64_d.lib(Effekseer.EfkEfcFactory.obj) : warning LNK4099: PDB '' が 'Effekseer_vs2019_x64_d.lib(Effekseer.EfkEfcFactory.obj)' で、または '' に見つかりません。デバッグ情報がないものとして、オブジェクトにリンクします。
Effekseer_vs2019_x64_d.lib(Effekseer.Socket.obj) : warning LNK4099: PDB '' が 'Effekseer_vs2019_x64_d.lib(Effekseer.Socket.obj)' で、または '' に見つかりません。デバッグ情報がないものとして、オブジェクトにリンクします。
Effekseer_vs2019_x64_d.lib(Effekseer.DefaultFile.obj) : warning LNK4099: PDB '' が 'Effekseer_vs2019_x64_d.lib(Effekseer.DefaultFile.obj)' で、または '' に見つかりません。デバッグ情報がないものとして、オブジェクトにリンクします。
Effekseer_vs2019_x64_d.lib(Effekseer.FCurves.obj) : warning LNK4099: PDB '' が 'Effekseer_vs2019_x64_d.lib(Effekseer.FCurves.obj)' で、または '' に見つかりません。デバッグ情報がないものとして、オブジェクトにリンクします。
Effekseer_vs2019_x64_d.lib(Effekseer.RectF.obj) : warning LNK4099: PDB '' が 'Effekseer_vs2019_x64_d.lib(Effekseer.RectF.obj)' で、または '' に見つかりません。デバッグ情報がないものとして、オブジェクトにリンクします。
Effekseer_vs2019_x64_d.lib(ForceFields.obj) : warning LNK4099: PDB '' が 'Effekseer_vs2019_x64_d.lib(ForceFields.obj)' で、または '' に見つかりません。デバッグ情報がないものとして、オブジェクトにリンクします。
Effekseer_vs2019_x64_d.lib(Effekseer.Parameters.obj) : warning LNK4099: PDB '' が 'Effekseer_vs2019_x64_d.lib(Effekseer.Parameters.obj)' で、または '' に見つかりません。デバッグ情報がないものとして、オブジェクトにリンクします。
Effekseer_vs2019_x64_d.lib(Easing.obj) : warning LNK4099: PDB '' が 'Effekseer_vs2019_x64_d.lib(Easing.obj)' で、または '' に見つかりません。デバッグ情報がないものとして、オブジェクトにリンクします。
Effekseer_vs2019_x64_d.lib(Rotation.obj) : warning LNK4099: PDB '' が 'Effekseer_vs2019_x64_d.lib(Rotation.obj)' で、または '' に見つかりません。デバッグ情報がないものとして、オブジェクトにリンクします。
Effekseer_vs2019_x64_d.lib(Effekseer.EffectNodeModel.obj) : warning LNK4099: PDB '' が 'Effekseer_vs2019_x64_d.lib(Effekseer.EffectNodeModel.obj)' で、または '' に見つかりません。デバッグ情報がないものとして、オブジェクトにリンクします。
Effekseer_vs2019_x64_d.lib(Effekseer.EffectNodeRibbon.obj) : warning LNK4099: PDB '' が 'Effekseer_vs2019_x64_d.lib(Effekseer.EffectNodeRibbon.obj)' で、または '' に見つかりません。デバッグ情報がないものとして、オブジェクトにリンクします。
Effekseer_vs2019_x64_d.lib(Effekseer.EffectNodeRing.obj) : warning LNK4099: PDB '' が 'Effekseer_vs2019_x64_d.lib(Effekseer.EffectNodeRing.obj)' で、または '' に見つかりません。デバッグ情報がないものとして、オブジェクトにリンクします。
Effekseer_vs2019_x64_d.lib(Effekseer.EffectNodeSprite.obj) : warning LNK4099: PDB '' が 'Effekseer_vs2019_x64_d.lib(Effekseer.EffectNodeSprite.obj)' で、または '' に見つかりません。デバッグ情報がないものとして、オブジェクトにリンクします。
Effekseer_vs2019_x64_d.lib(Effekseer.EffectNodeTrack.obj) : warning LNK4099: PDB '' が 'Effekseer_vs2019_x64_d.lib(Effekseer.EffectNodeTrack.obj)' で、または '' に見つかりません。デバッグ情報がないものとして、オブジェクトにリンクします。
Effekseer_vs2019_x64_d.lib(Model.obj) : warning LNK4099: PDB '' が 'Effekseer_vs2019_x64_d.lib(Model.obj)' で、または '' に見つかりません。デバッグ情報がないものとして、オブジェクトにリンクします。
Effekseer_vs2019_x64_d.lib(Effekseer.Vector2D.obj) : warning LNK4099: PDB '' が 'Effekseer_vs2019_x64_d.lib(Effekseer.Vector2D.obj)' で、または '' に見つかりません。デバッグ情報がないものとして、オブジェクトにリンクします。
Effekseer_vs2019_x64_d.lib(CurlNoise.obj) : warning LNK4099: PDB '' が 'Effekseer_vs2019_x64_d.lib(CurlNoise.obj)' で、または '' に見つかりません。デバッグ情報がないものとして、オブジェクトにリンクします。
Effekseer_vs2019_x64_d.lib(SplineGenerator.obj) : warning LNK4099: PDB '' が 'Effekseer_vs2019_x64_d.lib(SplineGenerator.obj)' で、または '' に見つかりません。デバッグ情報がないものとして、オブジェクトにリンクします。
EffekseerRendererDX9_vs2019_x64_d.lib(EffekseerRenderer.Renderer.obj) : warning LNK4099: PDB '' が 'EffekseerRendererDX9_vs2019_x64_d.lib(EffekseerRenderer.Renderer.obj)' で、または '' に見つかりません。デバッグ情報がないものとして、オブジェクトにリンクします。
EffekseerRendererDX9_vs2019_x64_d.lib(TextureLoader.obj) : warning LNK4099: PDB '' が 'EffekseerRendererDX9_vs2019_x64_d.lib(TextureLoader.obj)' で、または '' に見つかりません。デバッグ情報がないものとして、オブジェクトにリンクします。
EffekseerRendererDX9_vs2019_x64_d.lib(EffekseerRendererDX9.Renderer.obj) : warning LNK4099: PDB '' が 'EffekseerRendererDX9_vs2019_x64_d.lib(EffekseerRendererDX9.Renderer.obj)' で、または '' に見つかりません。デバッグ情報がないものとして、オブジェクトにリンクします。
EffekseerRendererDX9_vs2019_x64_d.lib(EffekseerRenderer.Renderer_Impl.obj) : warning LNK4099: PDB '' が 'EffekseerRendererDX9_vs2019_x64_d.lib(EffekseerRenderer.Renderer_Impl.obj)' で、または '' に見つかりません。デバッグ情報がないものとして、オブジェクトにリンクします。
EffekseerRendererDX9_vs2019_x64_d.lib(ModelLoader.obj) : warning LNK4099: PDB '' が 'EffekseerRendererDX9_vs2019_x64_d.lib(ModelLoader.obj)' で、または '' に見つかりません。デバッグ情報がないものとして、オブジェクトにリンクします。
EffekseerRendererDX9_vs2019_x64_d.lib(EffekseerRenderer.DDSTextureLoader.obj) : warning LNK4099: PDB '' が 'EffekseerRendererDX9_vs2019_x64_d.lib(EffekseerRenderer.DDSTextureLoader.obj)' で、または '' に見つかりません。デバッグ情報がないものとして、オブジェクトにリンクします。
EffekseerRendererDX9_vs2019_x64_d.lib(EffekseerRenderer.PngTextureLoader.obj) : warning LNK4099: PDB '' が 'EffekseerRendererDX9_vs2019_x64_d.lib(EffekseerRenderer.PngTextureLoader.obj)' で、または '' に見つかりません。デバッグ情報がないものとして、オブジェクトにリンクします。
EffekseerRendererDX9_vs2019_x64_d.lib(EffekseerRenderer.TGATextureLoader.obj) : warning LNK4099: PDB '' が 'EffekseerRendererDX9_vs2019_x64_d.lib(EffekseerRenderer.TGATextureLoader.obj)' で、または '' に見つかりません。デバッグ情報がないものとして、オブジェクトにリンクします。
EffekseerRendererDX9_vs2019_x64_d.lib(EffekseerRenderer.RenderStateBase.obj) : warning LNK4099: PDB '' が 'EffekseerRendererDX9_vs2019_x64_d.lib(EffekseerRenderer.RenderStateBase.obj)' で、または '' に見つかりません。デバッグ情報がないものとして、オブジェクトにリンクします。
EffekseerRendererDX9_vs2019_x64_d.lib(EffekseerRendererDX9.RenderState.obj) : warning LNK4099: PDB '' が 'EffekseerRendererDX9_vs2019_x64_d.lib(EffekseerRendererDX9.RenderState.obj)' で、または '' に見つかりません。デバッグ情報がないものとして、オブジェクトにリンクします。
EffekseerRendererDX9_vs2019_x64_d.lib(EffekseerRenderer.CommonUtils.obj) : warning LNK4099: PDB '' が 'EffekseerRendererDX9_vs2019_x64_d.lib(EffekseerRenderer.CommonUtils.obj)' で、または '' に見つかりません。デバッグ情報がないものとして、オブジェクトにリンクします。
EffekseerRendererDX9_vs2019_x64_d.lib(GraphicsDevice.obj) : warning LNK4099: PDB '' が 'EffekseerRendererDX9_vs2019_x64_d.lib(GraphicsDevice.obj)' で、または '' に見つかりません。デバッグ情報がないものとして、オブジェクトにリンクします。
EffekseerRendererDX9_vs2019_x64_d.lib(EffekseerRenderer.IndexBufferBase.obj) : warning LNK4099: PDB '' が 'EffekseerRendererDX9_vs2019_x64_d.lib(EffekseerRenderer.IndexBufferBase.obj)' で、または '' に見つかりません。デバッグ情報がないものとして、オブジェクトにリンクします。
EffekseerRendererDX9_vs2019_x64_d.lib(EffekseerRendererDX9.IndexBuffer.obj) : warning LNK4099: PDB '' が 'EffekseerRendererDX9_vs2019_x64_d.lib(EffekseerRendererDX9.IndexBuffer.obj)' で、または '' に見つかりません。デバッグ情報がないものとして、オブジェクトにリンクします。
EffekseerRendererDX9_vs2019_x64_d.lib(EffekseerRendererDX9.MaterialLoader.obj) : warning LNK4099: PDB '' が 'EffekseerRendererDX9_vs2019_x64_d.lib(EffekseerRendererDX9.MaterialLoader.obj)' で、または '' に見つかりません。デバッグ情報がないものとして、オブジェクトにリンクします。
EffekseerRendererDX9_vs2019_x64_d.lib(EffekseerRendererDX9.ModelRenderer.obj) : warning LNK4099: PDB '' が 'EffekseerRendererDX9_vs2019_x64_d.lib(EffekseerRendererDX9.ModelRenderer.obj)' で、または '' に見つかりません。デバッグ情報がないものとして、オブジェクトにリンクします。
EffekseerRendererDX9_vs2019_x64_d.lib(EffekseerRendererDX9.Shader.obj) : warning LNK4099: PDB '' が 'EffekseerRendererDX9_vs2019_x64_d.lib(EffekseerRendererDX9.Shader.obj)' で、または '' に見つかりません。デバッグ情報がないものとして、オブジェクトにリンクします。
EffekseerRendererDX9_vs2019_x64_d.lib(EffekseerRendererDX9.VertexBuffer.obj) : warning LNK4099: PDB '' が 'EffekseerRendererDX9_vs2019_x64_d.lib(EffekseerRendererDX9.VertexBuffer.obj)' で、または '' に見つかりません。デバッグ情報がないものとして、オブジェクトにリンクします。
EffekseerRendererDX9_vs2019_x64_d.lib(EffekseerRendererDX9.DeviceObject.obj) : warning LNK4099: PDB '' が 'EffekseerRendererDX9_vs2019_x64_d.lib(EffekseerRendererDX9.DeviceObject.obj)' で、または '' に見つかりません。デバッグ情報がないものとして、オブジェクトにリンクします。
EffekseerRendererDX9_vs2019_x64_d.lib(EffekseerMaterialCompilerDX9.obj) : warning LNK4099: PDB '' が 'EffekseerRendererDX9_vs2019_x64_d.lib(EffekseerMaterialCompilerDX9.obj)' で、または '' に見つかりません。デバッグ情報がないものとして、オブジェクトにリンクします。
EffekseerRendererDX9_vs2019_x64_d.lib(EffekseerRenderer.VertexBufferBase.obj) : warning LNK4099: PDB '' が 'EffekseerRendererDX9_vs2019_x64_d.lib(EffekseerRenderer.VertexBufferBase.obj)' で、または '' に見つかりません。デバッグ情報がないものとして、オブジェクトにリンクします。
EffekseerRendererDX9_vs2019_x64_d.lib(ShaderGenerator.obj) : warning LNK4099: PDB '' が 'EffekseerRendererDX9_vs2019_x64_d.lib(ShaderGenerator.obj)' で、または '' に見つかりません。デバッグ情報がないものとして、オブジェクトにリンクします。
EffekseerRendererDX9_vs2019_x64_d.lib(ShaderGeneratorCommon.obj) : warning LNK4099: PDB '' が 'EffekseerRendererDX9_vs2019_x64_d.lib(ShaderGeneratorCommon.obj)' で、または '' に見つかりません。デバッグ情報がないものとして、オブジェクトにリンクします。
EffekseerRendererDX11_vs2019_x64_d.lib(EffekseerRendererDX11.Renderer.obj) : warning LNK4099: PDB '' が 'EffekseerRendererDX11_vs2019_x64_d.lib(EffekseerRendererDX11.Renderer.obj)' で、または '' に見つかりません。デバッグ情報がないものとして、オブジェクトにリンクします。
EffekseerRendererDX11_vs2019_x64_d.lib(GraphicsDevice.obj) : warning LNK4099: PDB '' が 'EffekseerRendererDX11_vs2019_x64_d.lib(GraphicsDevice.obj)' で、または '' に見つかりません。デバッグ情報がないものとして、オブジェクトにリンクします。
EffekseerRendererDX11_vs2019_x64_d.lib(EffekseerRendererDX11.RenderState.obj) : warning LNK4099: PDB '' が 'EffekseerRendererDX11_vs2019_x64_d.lib(EffekseerRendererDX11.RenderState.obj)' で、または '' に見つかりません。デバッグ情報がないものとして、オブジェクトにリンクします。
EffekseerRendererDX11_vs2019_x64_d.lib(EffekseerRendererDX11.IndexBuffer.obj) : warning LNK4099: PDB '' が 'EffekseerRendererDX11_vs2019_x64_d.lib(EffekseerRendererDX11.IndexBuffer.obj)' で、または '' に見つかりません。デバッグ情報がないものとして、オブジェクトにリンクします。
EffekseerRendererDX11_vs2019_x64_d.lib(EffekseerRendererDX11.MaterialLoader.obj) : warning LNK4099: PDB '' が 'EffekseerRendererDX11_vs2019_x64_d.lib(EffekseerRendererDX11.MaterialLoader.obj)' で、または '' に見つかりません。デバッグ情報がないものとして、オブジェクトにリンクします。
EffekseerRendererDX11_vs2019_x64_d.lib(EffekseerRendererDX11.ModelRenderer.obj) : warning LNK4099: PDB '' が 'EffekseerRendererDX11_vs2019_x64_d.lib(EffekseerRendererDX11.ModelRenderer.obj)' で、または '' に見つかりません。デバッグ情報がないものとして、オブジェクトにリンクします。
EffekseerRendererDX11_vs2019_x64_d.lib(EffekseerRendererDX11.Shader.obj) : warning LNK4099: PDB '' が 'EffekseerRendererDX11_vs2019_x64_d.lib(EffekseerRendererDX11.Shader.obj)' で、または '' に見つかりません。デバッグ情報がないものとして、オブジェクトにリンクします。
EffekseerRendererDX11_vs2019_x64_d.lib(EffekseerRendererDX11.VertexBuffer.obj) : warning LNK4099: PDB '' が 'EffekseerRendererDX11_vs2019_x64_d.lib(EffekseerRendererDX11.VertexBuffer.obj)' で、または '' に見つかりません。デバッグ情報がないものとして、オブジェクトにリンクします。
EffekseerRendererDX11_vs2019_x64_d.lib(EffekseerRendererDX11.DeviceObject.obj) : warning LNK4099: PDB '' が 'EffekseerRendererDX11_vs2019_x64_d.lib(EffekseerRendererDX11.DeviceObject.obj)' で、または '' に見つかりません。デバッグ情報がないものとして、オブジェクトにリンクします。
EffekseerRendererDX11_vs2019_x64_d.lib(EffekseerMaterialCompilerDX11.obj) : warning LNK4099: PDB '' が 'EffekseerRendererDX11_vs2019_x64_d.lib(EffekseerMaterialCompilerDX11.obj)' で、または '' に見つかりません。デバッグ情報がないものとして、オブジェクトにリンクします。
Effekseer_vs2019_x64_d.lib(ModelLoader.obj) : warning LNK4099: PDB '' が 'Effekseer_vs2019_x64_d.lib(ModelLoader.obj)' で、または '' に見つかりません。デバッグ情報がないものとして、オブジェクトにリンクします。
Effekseer_vs2019_x64_d.lib(Effekseer.MaterialFile.obj) : warning LNK4099: PDB '' が 'Effekseer_vs2019_x64_d.lib(Effekseer.MaterialFile.obj)' で、または '' に見つかりません。デバッグ情報がないものとして、オブジェクトにリンクします。
Effekseer_vs2019_x64_d.lib(Effekseer.CompiledMaterial.obj) : warning LNK4099: PDB '' が 'Effekseer_vs2019_x64_d.lib(Effekseer.CompiledMaterial.obj)' で、または '' に見つかりません。デバッグ情報がないものとして、オブジェクトにリンクします。
  JumpJump.vcxproj -> C:\Users\中山七草\Desktop\GitHub\MyGame\HopStepJumpJump\x64\Debug\JumpJump.exe
