  SceneDebug.cpp
  SceneGear.cpp
C:\Users\fko2347024\Desktop\GitHub\MyGame\DecorateArma\Decorate\Decorate\Object\Player\Gear.h(95,30): warning C4267: 'return': 'size_t' から 'int' に変換しました。データが失われているかもしれません。
  SceneSelect.cpp
C:\Users\fko2347024\Desktop\GitHub\MyGame\DecorateArma\Decorate\Decorate\Scene\SceneSelect.cpp(26,37): warning C4244: '初期化中': 'float' から 'const int' への変換です。データが失われる可能性があります。
C:\Users\fko2347024\Desktop\GitHub\MyGame\DecorateArma\Decorate\Decorate\Scene\SceneSelect.cpp(27,37): warning C4244: '初期化中': 'float' から 'const int' への変換です。データが失われる可能性があります。
C:\Users\fko2347024\Desktop\GitHub\MyGame\DecorateArma\Decorate\Decorate\Scene\SceneSelect.cpp(28,29): warning C4244: '初期化中': 'float' から 'const int' への変換です。データが失われる可能性があります。
C:\Users\fko2347024\Desktop\GitHub\MyGame\DecorateArma\Decorate\Decorate\Scene\SceneSelect.cpp(29,29): warning C4244: '初期化中': 'float' から 'const int' への変換です。データが失われる可能性があります。
C:\Users\fko2347024\Desktop\GitHub\MyGame\DecorateArma\Decorate\Decorate\Scene\SceneSelect.cpp(30,31): warning C4244: '初期化中': 'float' から 'const int' への変換です。データが失われる可能性があります。
C:\Users\fko2347024\Desktop\GitHub\MyGame\DecorateArma\Decorate\Decorate\Scene\SceneSelect.cpp(31,31): warning C4244: '初期化中': 'float' から 'const int' への変換です。データが失われる可能性があります。
C:\Users\fko2347024\Desktop\GitHub\MyGame\DecorateArma\Decorate\Decorate\Scene\SceneSelect.cpp(32,32): warning C4244: '初期化中': 'float' から 'const int' への変換です。データが失われる可能性があります。
C:\Users\fko2347024\Desktop\GitHub\MyGame\DecorateArma\Decorate\Decorate\Scene\SceneSelect.cpp(33,32): warning C4244: '初期化中': 'float' から 'const int' への変換です。データが失われる可能性があります。
C:\Users\fko2347024\Desktop\GitHub\MyGame\DecorateArma\Decorate\Decorate\Scene\SceneSelect.cpp(34,36): warning C4244: '初期化中': 'float' から 'const int' への変換です。データが失われる可能性があります。
C:\Users\fko2347024\Desktop\GitHub\MyGame\DecorateArma\Decorate\Decorate\Scene\SceneSelect.cpp(35,36): warning C4244: '初期化中': 'float' から 'const int' への変換です。データが失われる可能性があります。
C:\Users\fko2347024\Desktop\GitHub\MyGame\DecorateArma\Decorate\Decorate\Scene\SceneSelect.cpp(36,28): warning C4244: '初期化中': 'float' から 'const int' への変換です。データが失われる可能性があります。
C:\Users\fko2347024\Desktop\GitHub\MyGame\DecorateArma\Decorate\Decorate\Scene\SceneSelect.cpp(37,34): warning C4244: '初期化中': 'float' から 'const int' への変換です。データが失われる可能性があります。
C:\Users\fko2347024\Desktop\GitHub\MyGame\DecorateArma\Decorate\Decorate\Scene\SceneSelect.cpp(38,36): warning C4244: '初期化中': 'float' から 'const int' への変換です。データが失われる可能性があります。
C:\Users\fko2347024\Desktop\GitHub\MyGame\DecorateArma\Decorate\Decorate\Scene\SceneSelect.cpp(197,31): warning C4244: '引数': 'double' から 'float' への変換です。データが失われる可能性があります。
  SceneTitle.cpp
C:\Users\fko2347024\Desktop\GitHub\MyGame\DecorateArma\Decorate\Decorate\Scene\SceneTitle.cpp(17,29): warning C4244: '初期化中': 'float' から 'const int' への変換です。データが失われる可能性があります。
C:\Users\fko2347024\Desktop\GitHub\MyGame\DecorateArma\Decorate\Decorate\Scene\SceneTitle.cpp(18,29): warning C4244: '初期化中': 'float' から 'const int' への変換です。データが失われる可能性があります。
C:\Users\fko2347024\Desktop\GitHub\MyGame\DecorateArma\Decorate\Decorate\Scene\SceneTitle.cpp(19,30): warning C4244: '初期化中': 'float' から 'const int' への変換です。データが失われる可能性があります。
C:\Users\fko2347024\Desktop\GitHub\MyGame\DecorateArma\Decorate\Decorate\Scene\SceneTitle.cpp(20,30): warning C4244: '初期化中': 'float' から 'const int' への変換です。データが失われる可能性があります。
  コードを生成中...
  Decorate.vcxproj -> C:\Users\fko2347024\Desktop\GitHub\MyGame\DecorateArma\Decorate\x64\Debug\Decorate.exe
