  Camera.cpp
  EnemySkull.cpp
  EnemyCrab.cpp
  EnemyBee.cpp
  EnemyBase.cpp
C:\Users\fko2347024\Desktop\GitHub\MyGame\JumpGame\Enemy\EnemyBase.cpp(30,61): warning C4305: '引数': 'double' から 'float' へ切り詰めます。
  EnemyManager.cpp
  Input.cpp
  Main.cpp
  Map.cpp
  SceneTitle.cpp
  SceneClear.cpp
  SceneGameOver.cpp
C:\Users\fko2347024\Desktop\GitHub\MyGame\JumpGame\Scene\SceneGameOver.cpp(20,14): warning C4244: '初期化中': 'const float' から 'int' への変換です。データが失われる可能性があります。
C:\Users\fko2347024\Desktop\GitHub\MyGame\JumpGame\Scene\SceneGameOver.cpp(135,26): warning C4244: '引数': 'int' から 'float' への変換です。データが失われる可能性があります。
C:\Users\fko2347024\Desktop\GitHub\MyGame\JumpGame\Scene\SceneGameOver.h(66,55): warning C4244: '=': 'const float' から 'int' への変換です。データが失われる可能性があります。
C:\Users\fko2347024\Desktop\GitHub\MyGame\JumpGame\Scene\SceneGameOver.h(71,50): warning C4244: '=': 'const float' から 'int' への変換です。データが失われる可能性があります。
  MainScene.cpp
  Player.cpp
  SceneManager.cpp
  SceneBase.cpp
  WorldSprite.cpp
  コードを生成中...
C:\Users\fko2347024\Desktop\GitHub\MyGame\JumpGame\Player.cpp(67): warning C4172: ローカル変数またはテンポラリのアドレスを返します
C:\Users\fko2347024\Desktop\GitHub\MyGame\JumpGame\Enemy\EnemyBase.cpp(39): warning C4172: ローカル変数またはテンポラリのアドレスを返します
  JumpGame.vcxproj -> C:\Users\fko2347024\Desktop\GitHub\MyGame\JumpGame\x64\Debug\JumpGame.exe
